<?xml version="1.0" encoding="UTF-8"?>
<!-- Generated by org.testng.reporters.JUnitReportReporter -->
<testsuite hostname="DESKTOP-0NH2CTB" failures="0" tests="2" name="FrameworkConcepts.Tests.E2ETestforPOM" time="51.543" errors="0" timestamp="2024-07-10T09:46:36 GMT-04:00" skipped="0">
  <testcase classname="FrameworkConcepts.Tests.E2ETestforPOM" name="E2ETest" time="25.783"/>
  <testcase classname="FrameworkConcepts.Tests.E2ETestforPOM" name="E2ETest" time="25.760"/>
</testsuite> <!-- FrameworkConcepts.Tests.E2ETestforPOM -->
